Removed Pin From Net: NetName=3V3 Pin=D1-2
Removed Pin From Net: NetName=5V Pin=U2-1
Removed Pin From Net: NetName=5V Pin=U3-1
Removed Pin From Net: NetName=5V Pin=U4-1
Removed Pin From Net: NetName=5V Pin=U5-1
Added Component: Designator=D9(SODFL465X130-2N)
Add component (AddParameter): Name = "LCSC Part #"; Value = "C122865"; VariantName = "[No Variations]"
Add component (AddParameter): Name = "Manufacturer"; Value = "Shikues"; VariantName = "[No Variations]"
Add component (AddParameter): Name = "MPN"; Value = "SS56FL"; VariantName = "[No Variations]"
Add component (AddParameter): Name = "Package"; Value = "SMAF"; VariantName = "[No Variations]"
Added Component: Designator=D25(led0402)
Add component (AddParameter): Name = "Europe MPN"; Value = ""; VariantName = "[No Variations]"
Add component (AddParameter): Name = "Package"; Value = "0402"; VariantName = "[No Variations]"
Add component (AddParameter): Name = "Value"; Value = "Red"; VariantName = "[No Variations]"
Added Component: Designator=D26(LFUS-DO-214AC-2_L)
Add component (AddParameter): Name = "MPN"; Value = "SMAJ22A"; VariantName = "[No Variations]"
Added Component: Designator=F1(FP-SF-1206S-IPC_B)
Add component (AddParameter): Name = "LCSC Part #"; Value = ""; VariantName = "[No Variations]"
Add component (AddParameter): Name = "Manufacturer"; Value = ""; VariantName = "[No Variations]"
Add component (AddParameter): Name = "MPN"; Value = "S1206-S-1.0A"; VariantName = "[No Variations]"
Add component (AddParameter): Name = "Package"; Value = "1206"; VariantName = "[No Variations]"
Add component (AddParameter): Name = "Voltage Rating"; Value = ""; VariantName = "[No Variations]"
Added Component: Designator=R59(RESC1005X04N)
Add component (AddParameter): Name = "Europe MPN"; Value = ""; VariantName = "[No Variations]"
Add component (AddParameter): Name = "Package"; Value = "0402"; VariantName = "[No Variations]"
Add component (AddParameter): Name = "Value"; Value = "10kO"; VariantName = "[No Variations]"
Added Pin To Net: NetName=GND Pin=D26-1
Added Pin To Net: NetName=NetC9_2 Pin=D26-2
Added Pin To Net: NetName=NetC9_2 Pin=F1-2
Added Pin To Net: NetName=NetC9_2 Pin=R59-2
Change Net Name : Old Net Name=3V3 New Net Name=NetC6_1
Change Net Name : Old Net Name=5V New Net Name=NetC7_1
Added Pin To Net: NetName=3V3 Pin=D1-2
Added Net: Name=3V3
Added Pin To Net: NetName=5V Pin=U2-1
Added Pin To Net: NetName=5V Pin=U3-1
Added Pin To Net: NetName=5V Pin=U4-1
Added Pin To Net: NetName=5V Pin=U5-1
Added Net: Name=5V
Added Pin To Net: NetName=NetD9_1 Pin=D9-1
Added Pin To Net: NetName=NetD9_1 Pin=D25-2
Added Pin To Net: NetName=NetD9_1 Pin=F1-1
Added Net: Name=NetD9_1
Added Pin To Net: NetName=NetD9_2 Pin=D9-2
Added Net: Name=NetD9_2
Added Pin To Net: NetName=NetD25_1 Pin=D25-1
Added Pin To Net: NetName=NetD25_1 Pin=R59-1
Added Net: Name=NetD25_1
Change Class Name : Old Net Name=STM32 New Net Name=U_STM32
Added Class: Name=U_Power Management
Added Member To Class: ClassName=LLN-24VDimmer Member=Component F1 0685T3000-01
Added Member To Class: ClassName=LLN-24VDimmer Member=Component F2 0685T3000-01
Added Member To Class: ClassName=LLN-24VDimmer Member=Component F3 0685T3000-01
Added Member To Class: ClassName=LLN-24VDimmer Member=Component F4 0685T3000-01
Change Room Name: Old Name=STM32 New Name=U_STM32
Change Room Scope: Old Scope=InComponentClass('STM32') New Scope=InComponentClass('U_STM32')
