Removed Pin From Net: NetName=GND Pin=Q1-2
Removed Pin From Net: NetName=NetJ2_2 Pin=Q1-3
Removed Pin From Net: NetName=GND Pin=Q2-2
Removed Pin From Net: NetName=NetJ3_2 Pin=Q2-3
Removed Pin From Net: NetName=GND Pin=Q3-2
Removed Pin From Net: NetName=NetJ4_2 Pin=Q3-3
Removed Pin From Net: NetName=GND Pin=Q4-2
Removed Pin From Net: NetName=NetJ5_2 Pin=Q4-3
Removed Pin From Net: NetName=GND Pin=R5-1
Removed Pin From Net: NetName=GND Pin=R6-1
Removed Pin From Net: NetName=GND Pin=R7-1
Removed Pin From Net: NetName=GND Pin=R9-1
Removed Pin From Net: NetName=5V Pin=U2-1
Removed Pin From Net: NetName=GND Pin=U2-2
Removed Pin From Net: NetName=GND Pin=U2-4
Remove Pin from Net: Failed to remove Pin
Remove Pin from Net: Failed to remove Pin
Remove Pin from Net: Failed to remove Pin
Remove Pin from Net: Failed to remove Pin
Remove Pin from Net: Failed to remove Pin
Remove Pin from Net: Failed to remove Pin
Removed Pin From Net: NetName=5V Pin=U5-1
Removed Pin From Net: NetName=GND Pin=U5-2
Removed Pin From Net: NetName=GND Pin=U5-4
Removed Member From Class: ClassName=LLN-24VDimmer Member=F2
Removed Member From Class: ClassName=LLN-24VDimmer Member=F3
Removed Member From Class: ClassName=LLN-24VDimmer Member=F4
Removed Member From Class: ClassName=LLN-24VDimmer Member=Q2
Removed Member From Class: ClassName=LLN-24VDimmer Member=Q3
Removed Member From Class: ClassName=LLN-24VDimmer Member=Q4
Removed Member From Class: ClassName=LLN-24VDimmer Member=R2
Removed Member From Class: ClassName=LLN-24VDimmer Member=R3
Removed Member From Class: ClassName=LLN-24VDimmer Member=R4
Removed Member From Class: ClassName=LLN-24VDimmer Member=R6
Removed Member From Class: ClassName=LLN-24VDimmer Member=R7
Removed Member From Class: ClassName=LLN-24VDimmer Member=R9
Removed Member From Class: ClassName=LLN-24VDimmer Member=U5
Change Component Designator: OldDesignator=F1 NewDesignator=F5
Change Component Designator: OldDesignator=PS? NewDesignator=PS1
Change Component Designator: OldDesignator=U3 NewDesignator=U6
Change Component Designator: OldDesignator=U4 NewDesignator=U7
Added Component: Designator=C1_U_LED Driver1(CAPC3225X20N)
Add component (AddParameter): Name = "JLC"; Value = ""; VariantName = "[No Variations]"
Add component (AddParameter): Name = "JLC Type"; Value = ""; VariantName = "[No Variations]"
Add component (AddParameter): Name = "Manufacturer"; Value = ""; VariantName = "[No Variations]"
Add component (AddParameter): Name = "MPN"; Value = ""; VariantName = "[No Variations]"
Add component (AddParameter): Name = "Package"; Value = ""; VariantName = "[No Variations]"
Add component (AddParameter): Name = "Rating"; Value = "50V"; VariantName = "[No Variations]"
Add component (AddParameter): Name = "Tolerance"; Value = ""; VariantName = "[No Variations]"
Add component (AddParameter): Name = "Type"; Value = ""; VariantName = "[No Variations]"
Add component (AddParameter): Name = "Value"; Value = "10uF"; VariantName = "[No Variations]"
Added Component: Designator=C1_U_LED Driver2(CAPC3225X20N)
Add component (AddParameter): Name = "JLC"; Value = ""; VariantName = "[No Variations]"
Add component (AddParameter): Name = "JLC Type"; Value = ""; VariantName = "[No Variations]"
Add component (AddParameter): Name = "Manufacturer"; Value = ""; VariantName = "[No Variations]"
Add component (AddParameter): Name = "MPN"; Value = ""; VariantName = "[No Variations]"
Add component (AddParameter): Name = "Package"; Value = ""; VariantName = "[No Variations]"
Add component (AddParameter): Name = "Rating"; Value = "50V"; VariantName = "[No Variations]"
Add component (AddParameter): Name = "Tolerance"; Value = ""; VariantName = "[No Variations]"
Add component (AddParameter): Name = "Type"; Value = ""; VariantName = "[No Variations]"
Add component (AddParameter): Name = "Value"; Value = "10uF"; VariantName = "[No Variations]"
Added Component: Designator=C1_U_LED Driver3(CAPC3225X20N)
Add component (AddParameter): Name = "JLC"; Value = ""; VariantName = "[No Variations]"
Add component (AddParameter): Name = "JLC Type"; Value = ""; VariantName = "[No Variations]"
Add component (AddParameter): Name = "Manufacturer"; Value = ""; VariantName = "[No Variations]"
Add component (AddParameter): Name = "MPN"; Value = ""; VariantName = "[No Variations]"
Add component (AddParameter): Name = "Package"; Value = ""; VariantName = "[No Variations]"
Add component (AddParameter): Name = "Rating"; Value = "50V"; VariantName = "[No Variations]"
Add component (AddParameter): Name = "Tolerance"; Value = ""; VariantName = "[No Variations]"
Add component (AddParameter): Name = "Type"; Value = ""; VariantName = "[No Variations]"
Add component (AddParameter): Name = "Value"; Value = "10uF"; VariantName = "[No Variations]"
Added Component: Designator=C1_U_LED Driver4(CAPC3225X20N)
Add component (AddParameter): Name = "JLC"; Value = ""; VariantName = "[No Variations]"
Add component (AddParameter): Name = "JLC Type"; Value = ""; VariantName = "[No Variations]"
Add component (AddParameter): Name = "Manufacturer"; Value = ""; VariantName = "[No Variations]"
Add component (AddParameter): Name = "MPN"; Value = ""; VariantName = "[No Variations]"
Add component (AddParameter): Name = "Package"; Value = ""; VariantName = "[No Variations]"
Add component (AddParameter): Name = "Rating"; Value = "50V"; VariantName = "[No Variations]"
Add component (AddParameter): Name = "Tolerance"; Value = ""; VariantName = "[No Variations]"
Add component (AddParameter): Name = "Type"; Value = ""; VariantName = "[No Variations]"
Add component (AddParameter): Name = "Value"; Value = "10uF"; VariantName = "[No Variations]"
Added Component: Designator=F1_U_LED Driver1(FP-0685T-IPC_C)
Add component (AddParameter): Name = "Approvals"; Value = "CE"; VariantName = "[No Variations]"
Add component (AddParameter): Name = "Case Code (Imperial)"; Value = "1206"; VariantName = "[No Variations]"
Add component (AddParameter): Name = "Case Code (Metric)"; Value = "3216"; VariantName = "[No Variations]"
Add component (AddParameter): Name = "Case/Package"; Value = "1206"; VariantName = "[No Variations]"
Add component (AddParameter): Name = "Current Rating"; Value = "3A"; VariantName = "[No Variations]"
Add component (AddParameter): Name = "DC Cold Resistance"; Value = "54mR"; VariantName = "[No Variations]"
Add component (AddParameter): Name = "Fuse Type"; Value = "Board Mount (Cartridge Style Excluded)"; VariantName = "[No Variations]"
Add component (AddParameter): Name = "Max Operating Temperature"; Value = "125°C"; VariantName = "[No Variations]"
Add component (AddParameter): Name = "Min Operating Temperature"; Value = "-55°C"; VariantName = "[No Variations]"
Add component (AddParameter): Name = "Mount"; Value = "Surface Mount"; VariantName = "[No Variations]"
Add component (AddParameter): Name = "Packaging"; Value = "Tape and Reel"; VariantName = "[No Variations]"
Add component (AddParameter): Name = "RoHS Compliant"; Value = "Yes"; VariantName = "[No Variations]"
Add component (AddParameter): Name = "Voltage Rating (AC)"; Value = "63V"; VariantName = "[No Variations]"
Add component (AddParameter): Name = "Voltage Rating (DC)"; Value = "63V"; VariantName = "[No Variations]"
Added Component: Designator=F1_U_LED Driver2(FP-0685T-IPC_C)
Add component (AddParameter): Name = "Approvals"; Value = "CE"; VariantName = "[No Variations]"
Add component (AddParameter): Name = "Case Code (Imperial)"; Value = "1206"; VariantName = "[No Variations]"
Add component (AddParameter): Name = "Case Code (Metric)"; Value = "3216"; VariantName = "[No Variations]"
Add component (AddParameter): Name = "Case/Package"; Value = "1206"; VariantName = "[No Variations]"
Add component (AddParameter): Name = "Current Rating"; Value = "3A"; VariantName = "[No Variations]"
Add component (AddParameter): Name = "DC Cold Resistance"; Value = "54mR"; VariantName = "[No Variations]"
Add component (AddParameter): Name = "Fuse Type"; Value = "Board Mount (Cartridge Style Excluded)"; VariantName = "[No Variations]"
Add component (AddParameter): Name = "Max Operating Temperature"; Value = "125°C"; VariantName = "[No Variations]"
Add component (AddParameter): Name = "Min Operating Temperature"; Value = "-55°C"; VariantName = "[No Variations]"
Add component (AddParameter): Name = "Mount"; Value = "Surface Mount"; VariantName = "[No Variations]"
Add component (AddParameter): Name = "Packaging"; Value = "Tape and Reel"; VariantName = "[No Variations]"
Add component (AddParameter): Name = "RoHS Compliant"; Value = "Yes"; VariantName = "[No Variations]"
Add component (AddParameter): Name = "Voltage Rating (AC)"; Value = "63V"; VariantName = "[No Variations]"
Add component (AddParameter): Name = "Voltage Rating (DC)"; Value = "63V"; VariantName = "[No Variations]"
Added Component: Designator=F1_U_LED Driver3(FP-0685T-IPC_C)
Add component (AddParameter): Name = "Approvals"; Value = "CE"; VariantName = "[No Variations]"
Add component (AddParameter): Name = "Case Code (Imperial)"; Value = "1206"; VariantName = "[No Variations]"
Add component (AddParameter): Name = "Case Code (Metric)"; Value = "3216"; VariantName = "[No Variations]"
Add component (AddParameter): Name = "Case/Package"; Value = "1206"; VariantName = "[No Variations]"
Add component (AddParameter): Name = "Current Rating"; Value = "3A"; VariantName = "[No Variations]"
Add component (AddParameter): Name = "DC Cold Resistance"; Value = "54mR"; VariantName = "[No Variations]"
Add component (AddParameter): Name = "Fuse Type"; Value = "Board Mount (Cartridge Style Excluded)"; VariantName = "[No Variations]"
Add component (AddParameter): Name = "Max Operating Temperature"; Value = "125°C"; VariantName = "[No Variations]"
Add component (AddParameter): Name = "Min Operating Temperature"; Value = "-55°C"; VariantName = "[No Variations]"
Add component (AddParameter): Name = "Mount"; Value = "Surface Mount"; VariantName = "[No Variations]"
Add component (AddParameter): Name = "Packaging"; Value = "Tape and Reel"; VariantName = "[No Variations]"
Add component (AddParameter): Name = "RoHS Compliant"; Value = "Yes"; VariantName = "[No Variations]"
Add component (AddParameter): Name = "Voltage Rating (AC)"; Value = "63V"; VariantName = "[No Variations]"
Add component (AddParameter): Name = "Voltage Rating (DC)"; Value = "63V"; VariantName = "[No Variations]"
Added Component: Designator=F1_U_LED Driver4(FP-0685T-IPC_C)
Add component (AddParameter): Name = "Approvals"; Value = "CE"; VariantName = "[No Variations]"
Add component (AddParameter): Name = "Case Code (Imperial)"; Value = "1206"; VariantName = "[No Variations]"
Add component (AddParameter): Name = "Case Code (Metric)"; Value = "3216"; VariantName = "[No Variations]"
Add component (AddParameter): Name = "Case/Package"; Value = "1206"; VariantName = "[No Variations]"
Add component (AddParameter): Name = "Current Rating"; Value = "3A"; VariantName = "[No Variations]"
Add component (AddParameter): Name = "DC Cold Resistance"; Value = "54mR"; VariantName = "[No Variations]"
Add component (AddParameter): Name = "Fuse Type"; Value = "Board Mount (Cartridge Style Excluded)"; VariantName = "[No Variations]"
Add component (AddParameter): Name = "Max Operating Temperature"; Value = "125°C"; VariantName = "[No Variations]"
Add component (AddParameter): Name = "Min Operating Temperature"; Value = "-55°C"; VariantName = "[No Variations]"
Add component (AddParameter): Name = "Mount"; Value = "Surface Mount"; VariantName = "[No Variations]"
Add component (AddParameter): Name = "Packaging"; Value = "Tape and Reel"; VariantName = "[No Variations]"
Add component (AddParameter): Name = "RoHS Compliant"; Value = "Yes"; VariantName = "[No Variations]"
Add component (AddParameter): Name = "Voltage Rating (AC)"; Value = "63V"; VariantName = "[No Variations]"
Add component (AddParameter): Name = "Voltage Rating (DC)"; Value = "63V"; VariantName = "[No Variations]"
Added Component: Designator=F6(FP-SF-1206S-IPC_B)
Add component (AddParameter): Name = "LCSC Part #"; Value = ""; VariantName = "[No Variations]"
Add component (AddParameter): Name = "Manufacturer"; Value = ""; VariantName = "[No Variations]"
Add component (AddParameter): Name = "MPN"; Value = "S1206-S-1.0A"; VariantName = "[No Variations]"
Add component (AddParameter): Name = "Package"; Value = "1206"; VariantName = "[No Variations]"
Add component (AddParameter): Name = "Voltage Rating"; Value = ""; VariantName = "[No Variations]"
Added Component: Designator=Q1_U_LED Driver1(SOT95P245X110-3N)
Add component (AddParameter): Name = "JLC Part Type"; Value = "Basic"; VariantName = "[No Variations]"
Add component (AddParameter): Name = "LCSC Part #"; Value = "C20917"; VariantName = "[No Variations]"
Add component (AddParameter): Name = "Manufacturer"; Value = "Alpha & Omega Semicon"; VariantName = "[No Variations]"
Add component (AddParameter): Name = "MPN"; Value = "AO3400A"; VariantName = "[No Variations]"
Add component (AddParameter): Name = "Package"; Value = "SOT-23-3L"; VariantName = "[No Variations]"
Add component (AddParameter): Name = "Value"; Value = "5.7A @ 10V"; VariantName = "[No Variations]"
Added Component: Designator=Q1_U_LED Driver2(SOT95P245X110-3N)
Add component (AddParameter): Name = "JLC Part Type"; Value = "Basic"; VariantName = "[No Variations]"
Add component (AddParameter): Name = "LCSC Part #"; Value = "C20917"; VariantName = "[No Variations]"
Add component (AddParameter): Name = "Manufacturer"; Value = "Alpha & Omega Semicon"; VariantName = "[No Variations]"
Add component (AddParameter): Name = "MPN"; Value = "AO3400A"; VariantName = "[No Variations]"
Add component (AddParameter): Name = "Package"; Value = "SOT-23-3L"; VariantName = "[No Variations]"
Add component (AddParameter): Name = "Value"; Value = "5.7A @ 10V"; VariantName = "[No Variations]"
Added Component: Designator=Q1_U_LED Driver3(SOT95P245X110-3N)
Add component (AddParameter): Name = "JLC Part Type"; Value = "Basic"; VariantName = "[No Variations]"
Add component (AddParameter): Name = "LCSC Part #"; Value = "C20917"; VariantName = "[No Variations]"
Add component (AddParameter): Name = "Manufacturer"; Value = "Alpha & Omega Semicon"; VariantName = "[No Variations]"
Add component (AddParameter): Name = "MPN"; Value = "AO3400A"; VariantName = "[No Variations]"
Add component (AddParameter): Name = "Package"; Value = "SOT-23-3L"; VariantName = "[No Variations]"
Add component (AddParameter): Name = "Value"; Value = "5.7A @ 10V"; VariantName = "[No Variations]"
Added Component: Designator=Q1_U_LED Driver4(SOT95P245X110-3N)
Add component (AddParameter): Name = "JLC Part Type"; Value = "Basic"; VariantName = "[No Variations]"
Add component (AddParameter): Name = "LCSC Part #"; Value = "C20917"; VariantName = "[No Variations]"
Add component (AddParameter): Name = "Manufacturer"; Value = "Alpha & Omega Semicon"; VariantName = "[No Variations]"
Add component (AddParameter): Name = "MPN"; Value = "AO3400A"; VariantName = "[No Variations]"
Add component (AddParameter): Name = "Package"; Value = "SOT-23-3L"; VariantName = "[No Variations]"
Add component (AddParameter): Name = "Value"; Value = "5.7A @ 10V"; VariantName = "[No Variations]"
Added Component: Designator=R1_U_LED Driver1(RESC1005X04N)
Add component (AddParameter): Name = "MPN"; Value = "0402WGF1001TCE"; VariantName = "[No Variations]"
Add component (AddParameter): Name = "Package"; Value = "0402"; VariantName = "[No Variations]"
Add component (AddParameter): Name = "Value"; Value = "0O"; VariantName = "[No Variations]"
Added Component: Designator=R1_U_LED Driver2(RESC1005X04N)
Add component (AddParameter): Name = "MPN"; Value = "0402WGF1001TCE"; VariantName = "[No Variations]"
Add component (AddParameter): Name = "Package"; Value = "0402"; VariantName = "[No Variations]"
Add component (AddParameter): Name = "Value"; Value = "0O"; VariantName = "[No Variations]"
Added Component: Designator=R1_U_LED Driver3(RESC1005X04N)
Add component (AddParameter): Name = "MPN"; Value = "0402WGF1001TCE"; VariantName = "[No Variations]"
Add component (AddParameter): Name = "Package"; Value = "0402"; VariantName = "[No Variations]"
Add component (AddParameter): Name = "Value"; Value = "0O"; VariantName = "[No Variations]"
Added Component: Designator=R1_U_LED Driver4(RESC1005X04N)
Add component (AddParameter): Name = "MPN"; Value = "0402WGF1001TCE"; VariantName = "[No Variations]"
Add component (AddParameter): Name = "Package"; Value = "0402"; VariantName = "[No Variations]"
Add component (AddParameter): Name = "Value"; Value = "0O"; VariantName = "[No Variations]"
Added Component: Designator=U2_U_LED Driver1(FP-DBV0005A-MFG)
Add component (AddParameter): Name = "Automotive"; Value = "No"; VariantName = "[No Variations]"
Add component (AddParameter): Name = "Category"; Value = "IC"; VariantName = "[No Variations]"
Add component (AddParameter): Name = "ComponentLink2Description"; Value = "Datasheet"; VariantName = "[No Variations]"
Add component (AddParameter): Name = "ComponentLink2URL"; Value = "https://www.ti.com/lit/ds/symlink/ucc27517.pdf"; VariantName = "[No Variations]"
Add component (AddParameter): Name = "Device Class L1"; Value = "Integrated Circuits (ICs)"; VariantName = "[No Variations]"
Add component (AddParameter): Name = "Device Class L2"; Value = "Power Management ICs"; VariantName = "[No Variations]"
Add component (AddParameter): Name = "Device Class L3"; Value = "Gate Drivers"; VariantName = "[No Variations]"
Add component (AddParameter): Name = "Digikey Description"; Value = "IC GATE DVR LOW SIDE 1CH SOT23-5"; VariantName = "[No Variations]"
Add component (AddParameter): Name = "Fall Time"; Value = "7ns"; VariantName = "[No Variations]"
Add component (AddParameter): Name = "Height"; Value = "1.45mm"; VariantName = "[No Variations]"
Add component (AddParameter): Name = "Lead Free"; Value = "Yes"; VariantName = "[No Variations]"
Add component (AddParameter): Name = "Manufacturer"; Value = "Texas Instruments"; VariantName = "[No Variations]"
Add component (AddParameter): Name = "Manufacturer Part Number"; Value = "UCC27517DBVR"; VariantName = "[No Variations]"
Add component (AddParameter): Name = "Max Junction Temp"; Value = "+140°C"; VariantName = "[No Variations]"
Add component (AddParameter): Name = "Max Supply Voltage"; Value = "18V"; VariantName = "[No Variations]"
Add component (AddParameter): Name = "Min Supply Voltage"; Value = "4.5V"; VariantName = "[No Variations]"
Add component (AddParameter): Name = "Mouser Description"; Value = "4A/4A Single Channel High-speed Low-side Gate Driver 5-SOT-23 -40 to 140"; VariantName = "[No Variations]"
Add component (AddParameter): Name = "Number Of Drivers"; Value = "1"; VariantName = "[No Variations]"
Add component (AddParameter): Name = "Number Of Outputs"; Value = "1"; VariantName = "[No Variations]"
Add component (AddParameter): Name = "Octopart"; Value = "https://octopart.com/ucc27517dbvr-texas+instruments-20613804"; VariantName = "[No Variations]"
Add component (AddParameter): Name = "Output Current"; Value = "4A"; VariantName = "[No Variations]"
Add component (AddParameter): Name = "Package"; Value = "DBV0005A"; VariantName = "[No Variations]"
Add component (AddParameter): Name = "Propagation Delay"; Value = "13ns"; VariantName = "[No Variations]"
Add component (AddParameter): Name = "Rise Time"; Value = "8ns"; VariantName = "[No Variations]"
Add component (AddParameter): Name = "RoHS"; Value = "TRUE"; VariantName = "[No Variations]"
Add component (AddParameter): Name = "Standoff Height"; Value = "0mm"; VariantName = "[No Variations]"
Add component (AddParameter): Name = "Temperature"; Value = "-40°C to +140°C"; VariantName = "[No Variations]"
Add component (AddParameter): Name = "Temperature Range High"; Value = "+140°C"; VariantName = "[No Variations]"
Add component (AddParameter): Name = "Temperature Range Low"; Value = "-40°C"; VariantName = "[No Variations]"
Added Component: Designator=U2_U_LED Driver2(FP-DBV0005A-MFG)
Add component (AddParameter): Name = "Automotive"; Value = "No"; VariantName = "[No Variations]"
Add component (AddParameter): Name = "Category"; Value = "IC"; VariantName = "[No Variations]"
Add component (AddParameter): Name = "ComponentLink2Description"; Value = "Datasheet"; VariantName = "[No Variations]"
Add component (AddParameter): Name = "ComponentLink2URL"; Value = "https://www.ti.com/lit/ds/symlink/ucc27517.pdf"; VariantName = "[No Variations]"
Add component (AddParameter): Name = "Device Class L1"; Value = "Integrated Circuits (ICs)"; VariantName = "[No Variations]"
Add component (AddParameter): Name = "Device Class L2"; Value = "Power Management ICs"; VariantName = "[No Variations]"
Add component (AddParameter): Name = "Device Class L3"; Value = "Gate Drivers"; VariantName = "[No Variations]"
Add component (AddParameter): Name = "Digikey Description"; Value = "IC GATE DVR LOW SIDE 1CH SOT23-5"; VariantName = "[No Variations]"
Add component (AddParameter): Name = "Fall Time"; Value = "7ns"; VariantName = "[No Variations]"
Add component (AddParameter): Name = "Height"; Value = "1.45mm"; VariantName = "[No Variations]"
Add component (AddParameter): Name = "Lead Free"; Value = "Yes"; VariantName = "[No Variations]"
Add component (AddParameter): Name = "Manufacturer"; Value = "Texas Instruments"; VariantName = "[No Variations]"
Add component (AddParameter): Name = "Manufacturer Part Number"; Value = "UCC27517DBVR"; VariantName = "[No Variations]"
Add component (AddParameter): Name = "Max Junction Temp"; Value = "+140°C"; VariantName = "[No Variations]"
Add component (AddParameter): Name = "Max Supply Voltage"; Value = "18V"; VariantName = "[No Variations]"
Add component (AddParameter): Name = "Min Supply Voltage"; Value = "4.5V"; VariantName = "[No Variations]"
Add component (AddParameter): Name = "Mouser Description"; Value = "4A/4A Single Channel High-speed Low-side Gate Driver 5-SOT-23 -40 to 140"; VariantName = "[No Variations]"
Add component (AddParameter): Name = "Number Of Drivers"; Value = "1"; VariantName = "[No Variations]"
Add component (AddParameter): Name = "Number Of Outputs"; Value = "1"; VariantName = "[No Variations]"
Add component (AddParameter): Name = "Octopart"; Value = "https://octopart.com/ucc27517dbvr-texas+instruments-20613804"; VariantName = "[No Variations]"
Add component (AddParameter): Name = "Output Current"; Value = "4A"; VariantName = "[No Variations]"
Add component (AddParameter): Name = "Package"; Value = "DBV0005A"; VariantName = "[No Variations]"
Add component (AddParameter): Name = "Propagation Delay"; Value = "13ns"; VariantName = "[No Variations]"
Add component (AddParameter): Name = "Rise Time"; Value = "8ns"; VariantName = "[No Variations]"
Add component (AddParameter): Name = "RoHS"; Value = "TRUE"; VariantName = "[No Variations]"
Add component (AddParameter): Name = "Standoff Height"; Value = "0mm"; VariantName = "[No Variations]"
Add component (AddParameter): Name = "Temperature"; Value = "-40°C to +140°C"; VariantName = "[No Variations]"
Add component (AddParameter): Name = "Temperature Range High"; Value = "+140°C"; VariantName = "[No Variations]"
Add component (AddParameter): Name = "Temperature Range Low"; Value = "-40°C"; VariantName = "[No Variations]"
Added Component: Designator=U2_U_LED Driver3(FP-DBV0005A-MFG)
Add component (AddParameter): Name = "Automotive"; Value = "No"; VariantName = "[No Variations]"
Add component (AddParameter): Name = "Category"; Value = "IC"; VariantName = "[No Variations]"
Add component (AddParameter): Name = "ComponentLink2Description"; Value = "Datasheet"; VariantName = "[No Variations]"
Add component (AddParameter): Name = "ComponentLink2URL"; Value = "https://www.ti.com/lit/ds/symlink/ucc27517.pdf"; VariantName = "[No Variations]"
Add component (AddParameter): Name = "Device Class L1"; Value = "Integrated Circuits (ICs)"; VariantName = "[No Variations]"
Add component (AddParameter): Name = "Device Class L2"; Value = "Power Management ICs"; VariantName = "[No Variations]"
Add component (AddParameter): Name = "Device Class L3"; Value = "Gate Drivers"; VariantName = "[No Variations]"
Add component (AddParameter): Name = "Digikey Description"; Value = "IC GATE DVR LOW SIDE 1CH SOT23-5"; VariantName = "[No Variations]"
Add component (AddParameter): Name = "Fall Time"; Value = "7ns"; VariantName = "[No Variations]"
Add component (AddParameter): Name = "Height"; Value = "1.45mm"; VariantName = "[No Variations]"
Add component (AddParameter): Name = "Lead Free"; Value = "Yes"; VariantName = "[No Variations]"
Add component (AddParameter): Name = "Manufacturer"; Value = "Texas Instruments"; VariantName = "[No Variations]"
Add component (AddParameter): Name = "Manufacturer Part Number"; Value = "UCC27517DBVR"; VariantName = "[No Variations]"
Add component (AddParameter): Name = "Max Junction Temp"; Value = "+140°C"; VariantName = "[No Variations]"
Add component (AddParameter): Name = "Max Supply Voltage"; Value = "18V"; VariantName = "[No Variations]"
Add component (AddParameter): Name = "Min Supply Voltage"; Value = "4.5V"; VariantName = "[No Variations]"
Add component (AddParameter): Name = "Mouser Description"; Value = "4A/4A Single Channel High-speed Low-side Gate Driver 5-SOT-23 -40 to 140"; VariantName = "[No Variations]"
Add component (AddParameter): Name = "Number Of Drivers"; Value = "1"; VariantName = "[No Variations]"
Add component (AddParameter): Name = "Number Of Outputs"; Value = "1"; VariantName = "[No Variations]"
Add component (AddParameter): Name = "Octopart"; Value = "https://octopart.com/ucc27517dbvr-texas+instruments-20613804"; VariantName = "[No Variations]"
Add component (AddParameter): Name = "Output Current"; Value = "4A"; VariantName = "[No Variations]"
Add component (AddParameter): Name = "Package"; Value = "DBV0005A"; VariantName = "[No Variations]"
Add component (AddParameter): Name = "Propagation Delay"; Value = "13ns"; VariantName = "[No Variations]"
Add component (AddParameter): Name = "Rise Time"; Value = "8ns"; VariantName = "[No Variations]"
Add component (AddParameter): Name = "RoHS"; Value = "TRUE"; VariantName = "[No Variations]"
Add component (AddParameter): Name = "Standoff Height"; Value = "0mm"; VariantName = "[No Variations]"
Add component (AddParameter): Name = "Temperature"; Value = "-40°C to +140°C"; VariantName = "[No Variations]"
Add component (AddParameter): Name = "Temperature Range High"; Value = "+140°C"; VariantName = "[No Variations]"
Add component (AddParameter): Name = "Temperature Range Low"; Value = "-40°C"; VariantName = "[No Variations]"
Added Component: Designator=U2_U_LED Driver4(FP-DBV0005A-MFG)
Add component (AddParameter): Name = "Automotive"; Value = "No"; VariantName = "[No Variations]"
Add component (AddParameter): Name = "Category"; Value = "IC"; VariantName = "[No Variations]"
Add component (AddParameter): Name = "ComponentLink2Description"; Value = "Datasheet"; VariantName = "[No Variations]"
Add component (AddParameter): Name = "ComponentLink2URL"; Value = "https://www.ti.com/lit/ds/symlink/ucc27517.pdf"; VariantName = "[No Variations]"
Add component (AddParameter): Name = "Device Class L1"; Value = "Integrated Circuits (ICs)"; VariantName = "[No Variations]"
Add component (AddParameter): Name = "Device Class L2"; Value = "Power Management ICs"; VariantName = "[No Variations]"
Add component (AddParameter): Name = "Device Class L3"; Value = "Gate Drivers"; VariantName = "[No Variations]"
Add component (AddParameter): Name = "Digikey Description"; Value = "IC GATE DVR LOW SIDE 1CH SOT23-5"; VariantName = "[No Variations]"
Add component (AddParameter): Name = "Fall Time"; Value = "7ns"; VariantName = "[No Variations]"
Add component (AddParameter): Name = "Height"; Value = "1.45mm"; VariantName = "[No Variations]"
Add component (AddParameter): Name = "Lead Free"; Value = "Yes"; VariantName = "[No Variations]"
Add component (AddParameter): Name = "Manufacturer"; Value = "Texas Instruments"; VariantName = "[No Variations]"
Add component (AddParameter): Name = "Manufacturer Part Number"; Value = "UCC27517DBVR"; VariantName = "[No Variations]"
Add component (AddParameter): Name = "Max Junction Temp"; Value = "+140°C"; VariantName = "[No Variations]"
Add component (AddParameter): Name = "Max Supply Voltage"; Value = "18V"; VariantName = "[No Variations]"
Add component (AddParameter): Name = "Min Supply Voltage"; Value = "4.5V"; VariantName = "[No Variations]"
Add component (AddParameter): Name = "Mouser Description"; Value = "4A/4A Single Channel High-speed Low-side Gate Driver 5-SOT-23 -40 to 140"; VariantName = "[No Variations]"
Add component (AddParameter): Name = "Number Of Drivers"; Value = "1"; VariantName = "[No Variations]"
Add component (AddParameter): Name = "Number Of Outputs"; Value = "1"; VariantName = "[No Variations]"
Add component (AddParameter): Name = "Octopart"; Value = "https://octopart.com/ucc27517dbvr-texas+instruments-20613804"; VariantName = "[No Variations]"
Add component (AddParameter): Name = "Output Current"; Value = "4A"; VariantName = "[No Variations]"
Add component (AddParameter): Name = "Package"; Value = "DBV0005A"; VariantName = "[No Variations]"
Add component (AddParameter): Name = "Propagation Delay"; Value = "13ns"; VariantName = "[No Variations]"
Add component (AddParameter): Name = "Rise Time"; Value = "8ns"; VariantName = "[No Variations]"
Add component (AddParameter): Name = "RoHS"; Value = "TRUE"; VariantName = "[No Variations]"
Add component (AddParameter): Name = "Standoff Height"; Value = "0mm"; VariantName = "[No Variations]"
Add component (AddParameter): Name = "Temperature"; Value = "-40°C to +140°C"; VariantName = "[No Variations]"
Add component (AddParameter): Name = "Temperature Range High"; Value = "+140°C"; VariantName = "[No Variations]"
Add component (AddParameter): Name = "Temperature Range Low"; Value = "-40°C"; VariantName = "[No Variations]"
Added Pin To Net: NetName=GND Pin=C1_U_LED Driver1-1
Added Pin To Net: NetName=GND Pin=C1_U_LED Driver2-1
Added Pin To Net: NetName=GND Pin=C1_U_LED Driver3-1
Added Pin To Net: NetName=GND Pin=C1_U_LED Driver4-1
Added Pin To Net: NetName=NetD9_2 Pin=PS1-+V
Added Pin To Net: NetName=GND Pin=PS1--V
Added Pin To Net: NetName=GND Pin=Q1_U_LED Driver1-2
Added Pin To Net: NetName=NetJ2_2 Pin=Q1_U_LED Driver1-3
Added Pin To Net: NetName=GND Pin=Q1_U_LED Driver2-2
Added Pin To Net: NetName=NetJ3_2 Pin=Q1_U_LED Driver2-3
Added Pin To Net: NetName=GND Pin=Q1_U_LED Driver3-2
Added Pin To Net: NetName=NetJ4_2 Pin=Q1_U_LED Driver3-3
Added Pin To Net: NetName=GND Pin=Q1_U_LED Driver4-2
Added Pin To Net: NetName=NetJ5_2 Pin=Q1_U_LED Driver4-3
Added Pin To Net: NetName=5V Pin=U2_U_LED Driver1-1
Added Pin To Net: NetName=GND Pin=U2_U_LED Driver1-2
Added Pin To Net: NetName=GND Pin=U2_U_LED Driver1-4
Added Pin To Net: NetName=5V Pin=U2_U_LED Driver2-1
Added Pin To Net: NetName=GND Pin=U2_U_LED Driver2-2
Added Pin To Net: NetName=GND Pin=U2_U_LED Driver2-4
Added Pin To Net: NetName=5V Pin=U2_U_LED Driver3-1
Added Pin To Net: NetName=GND Pin=U2_U_LED Driver3-2
Added Pin To Net: NetName=GND Pin=U2_U_LED Driver3-4
Added Pin To Net: NetName=5V Pin=U2_U_LED Driver4-1
Added Pin To Net: NetName=GND Pin=U2_U_LED Driver4-2
Added Pin To Net: NetName=GND Pin=U2_U_LED Driver4-4
Added Pin To Net: NetName=NetC1_U_LED Driver1_2 Pin=C1_U_LED Driver1-2
Added Pin To Net: NetName=NetC1_U_LED Driver1_2 Pin=F1_U_LED Driver1-2
Added Pin To Net: NetName=NetC1_U_LED Driver1_2 Pin=J2-1
Added Pin To Net: NetName=NetC1_U_LED Driver1_2 Pin=J2-1
Added Net: Name=NetC1_U_LED Driver1_2
Added Pin To Net: NetName=NetC1_U_LED Driver2_2 Pin=C1_U_LED Driver2-2
Added Pin To Net: NetName=NetC1_U_LED Driver2_2 Pin=F1_U_LED Driver2-2
Added Pin To Net: NetName=NetC1_U_LED Driver2_2 Pin=J3-1
Added Pin To Net: NetName=NetC1_U_LED Driver2_2 Pin=J3-1
Added Net: Name=NetC1_U_LED Driver2_2
Added Pin To Net: NetName=NetC1_U_LED Driver3_2 Pin=C1_U_LED Driver3-2
Added Pin To Net: NetName=NetC1_U_LED Driver3_2 Pin=F1_U_LED Driver3-2
Added Pin To Net: NetName=NetC1_U_LED Driver3_2 Pin=J4-1
Added Pin To Net: NetName=NetC1_U_LED Driver3_2 Pin=J4-1
Added Net: Name=NetC1_U_LED Driver3_2
Added Pin To Net: NetName=NetC1_U_LED Driver4_2 Pin=C1_U_LED Driver4-2
Added Pin To Net: NetName=NetC1_U_LED Driver4_2 Pin=F1_U_LED Driver4-2
Added Pin To Net: NetName=NetC1_U_LED Driver4_2 Pin=J5-1
Added Pin To Net: NetName=NetC1_U_LED Driver4_2 Pin=J5-1
Added Net: Name=NetC1_U_LED Driver4_2
Added Pin To Net: NetName=NetF1_U_LED Driver1_1 Pin=F1_U_LED Driver1-1
Added Net: Name=NetF1_U_LED Driver1_1
Added Pin To Net: NetName=NetF1_U_LED Driver2_1 Pin=F1_U_LED Driver2-1
Added Net: Name=NetF1_U_LED Driver2_1
Added Pin To Net: NetName=NetF1_U_LED Driver3_1 Pin=F1_U_LED Driver3-1
Added Net: Name=NetF1_U_LED Driver3_1
Added Pin To Net: NetName=NetF1_U_LED Driver4_1 Pin=F1_U_LED Driver4-1
Added Net: Name=NetF1_U_LED Driver4_1
Added Pin To Net: NetName=NetF6_1 Pin=F6-1
Added Pin To Net: NetName=NetF6_1 Pin=J1-1
Added Pin To Net: NetName=NetF6_1 Pin=J1-1
Added Net: Name=NetF6_1
Added Pin To Net: NetName=NetF6_2 Pin=F6-2
Added Pin To Net: NetName=NetF6_2 Pin=PS1-AC/L
Added Net: Name=NetF6_2
Added Pin To Net: NetName=NetJ1_2 Pin=J1-2
Added Pin To Net: NetName=NetJ1_2 Pin=J1-2
Added Pin To Net: NetName=NetJ1_2 Pin=PS1-AC/N
Added Net: Name=NetJ1_2
Added Pin To Net: NetName=NetQ1_U_LED Driver1_1 Pin=Q1_U_LED Driver1-1
Added Pin To Net: NetName=NetQ1_U_LED Driver1_1 Pin=R1_U_LED Driver1-2
Added Net: Name=NetQ1_U_LED Driver1_1
Added Pin To Net: NetName=NetQ1_U_LED Driver2_1 Pin=Q1_U_LED Driver2-1
Added Pin To Net: NetName=NetQ1_U_LED Driver2_1 Pin=R1_U_LED Driver2-2
Added Net: Name=NetQ1_U_LED Driver2_1
Added Pin To Net: NetName=NetQ1_U_LED Driver3_1 Pin=Q1_U_LED Driver3-1
Added Pin To Net: NetName=NetQ1_U_LED Driver3_1 Pin=R1_U_LED Driver3-2
Added Net: Name=NetQ1_U_LED Driver3_1
Added Pin To Net: NetName=NetQ1_U_LED Driver4_1 Pin=Q1_U_LED Driver4-1
Added Pin To Net: NetName=NetQ1_U_LED Driver4_1 Pin=R1_U_LED Driver4-2
Added Net: Name=NetQ1_U_LED Driver4_1
Added Pin To Net: NetName=NetR1_U_LED Driver1_1 Pin=R1_U_LED Driver1-1
Added Pin To Net: NetName=NetR1_U_LED Driver1_1 Pin=U2_U_LED Driver1-5
Added Net: Name=NetR1_U_LED Driver1_1
Added Pin To Net: NetName=NetR1_U_LED Driver2_1 Pin=R1_U_LED Driver2-1
Added Pin To Net: NetName=NetR1_U_LED Driver2_1 Pin=U2_U_LED Driver2-5
Added Net: Name=NetR1_U_LED Driver2_1
Added Pin To Net: NetName=NetR1_U_LED Driver3_1 Pin=R1_U_LED Driver3-1
Added Pin To Net: NetName=NetR1_U_LED Driver3_1 Pin=U2_U_LED Driver3-5
Added Net: Name=NetR1_U_LED Driver3_1
Added Pin To Net: NetName=NetR1_U_LED Driver4_1 Pin=R1_U_LED Driver4-1
Added Pin To Net: NetName=NetR1_U_LED Driver4_1 Pin=U2_U_LED Driver4-5
Added Net: Name=NetR1_U_LED Driver4_1
Added Pin To Net: NetName=NetU2_U_LED Driver1_3 Pin=U2_U_LED Driver1-3
Added Net: Name=NetU2_U_LED Driver1_3
Added Pin To Net: NetName=NetU2_U_LED Driver2_3 Pin=U2_U_LED Driver2-3
Added Net: Name=NetU2_U_LED Driver2_3
Added Pin To Net: NetName=NetU2_U_LED Driver3_3 Pin=U2_U_LED Driver3-3
Added Net: Name=NetU2_U_LED Driver3_3
Added Pin To Net: NetName=NetU2_U_LED Driver4_3 Pin=U2_U_LED Driver4-3
Added Net: Name=NetU2_U_LED Driver4_3
Added Class: Name=U_LED Driver1
Added Class: Name=U_LED Driver2
Added Class: Name=U_LED Driver3
Added Class: Name=U_LED Driver4
Added Class: Name=LED Driver
Added Member To Class: ClassName=U_Power Management Member=Component F5
Added Member To Class: ClassName=U_Power Management Member=Component F6
Added Member To Class: ClassName=U_Power Management Member=Component PS1 IRM-60-24
Added Member To Class: ClassName=U_Power Management Member=Component U6
Added Member To Class: ClassName=U_Power Management Member=Component U7
Added Room: Name=U_LED Driver1
Added Room: Name=U_LED Driver2
Added Room: Name=U_LED Driver3
Added Room: Name=U_LED Driver4
Added Room: Name=U_Power Management
