Added Component: Designator=R?(RESC1005X04N)
Add component (AddParameter): Name = "MPN"; Value = "0402WGF1001TCE"; VariantName = "[No Variations]"
Add component (AddParameter): Name = "Package"; Value = "0402"; VariantName = "[No Variations]"
Add component (AddParameter): Name = "Value"; Value = "10kO"; VariantName = "[No Variations]"
Added Component: Designator=R?(RESC1005X04N)
Add component (AddParameter): Name = "MPN"; Value = "0402WGF1001TCE"; VariantName = "[No Variations]"
Add component (AddParameter): Name = "Package"; Value = "0402"; VariantName = "[No Variations]"
Add component (AddParameter): Name = "Value"; Value = "10kO"; VariantName = "[No Variations]"
Added Component: Designator=R?(RESC1005X04N)
Add component (AddParameter): Name = "MPN"; Value = "0402WGF1001TCE"; VariantName = "[No Variations]"
Add component (AddParameter): Name = "Package"; Value = "0402"; VariantName = "[No Variations]"
Add component (AddParameter): Name = "Value"; Value = "10kO"; VariantName = "[No Variations]"
Added Component: Designator=R?(RESC1005X04N)
Add component (AddParameter): Name = "MPN"; Value = "0402WGF1001TCE"; VariantName = "[No Variations]"
Add component (AddParameter): Name = "Package"; Value = "0402"; VariantName = "[No Variations]"
Add component (AddParameter): Name = "Value"; Value = "10kO"; VariantName = "[No Variations]"
Added Pin To Net: NetName=GND Pin=R?-1
Added Pin To Net: NetName=GND Pin=R?-1
Added Pin To Net: NetName=GND Pin=R?-1
Added Pin To Net: NetName=GND Pin=R?-1
Added Pin To Net: NetName=NetR?_2 Pin=R?-2
Added Pin To Net: NetName=NetR?_2 Pin=U3-3
Added Net: Name=NetR?_2
Add Net: Net with name "NetR?_2" already exists
Add Net: Net with name "NetR?_2" already exists
Add Net: Net with name "NetR?_2" already exists
Added Member To Class: ClassName=LLN-24VDimmer Member=Component R?
Added Member To Class: ClassName=LLN-24VDimmer Member=Component R?
Added Member To Class: ClassName=LLN-24VDimmer Member=Component R?
Added Member To Class: ClassName=LLN-24VDimmer Member=Component R?
Added Room: Name=STM32
