Remove Pin from Net: Failed to remove Pin
Removed Pin From Net: NetName=GND Pin=Q1-2
Removed Pin From Net: NetName=GND Pin=R5-1
Removed Pin From Net: NetName=5V Pin=U2-1
Removed Pin From Net: NetName=GND Pin=U2-2
Removed Pin From Net: NetName=GND Pin=U2-4
Removed Member From Class: ClassName=LLN-24VDimmer Member=F1
Removed Member From Class: ClassName=U_Power Management Member=F1
Removed Member From Class: ClassName=LLN-24VDimmer Member=Q1
Removed Member From Class: ClassName=LLN-24VDimmer Member=R1
Removed Member From Class: ClassName=LLN-24VDimmer Member=R5
Removed Member From Class: ClassName=LLN-24VDimmer Member=U2
Change Component Designator: OldDesignator=F1 NewDesignator=F5
Change Component Designator: OldDesignator=PS? NewDesignator=PS1
Change Component Designator: OldDesignator=U3 NewDesignator=U6
Change Component Designator: OldDesignator=U4 NewDesignator=U7
Change component parameters: Designator = "J1" ("J1"); Footprint = "WAGO_2061-602/998-404"; UniqueID = "\BZYKSXCF" ("\BZYKSXCF")
Change component parameters (AddParameter): Name = "MPN"; Value = "2061-602"; VariantName = "[No Variations]"
Added Component: Designator=F6(FP-SF-1206S-IPC_B)
Add component (AddParameter): Name = "LCSC Part #"; Value = ""; VariantName = "[No Variations]"
Add component (AddParameter): Name = "Manufacturer"; Value = ""; VariantName = "[No Variations]"
Add component (AddParameter): Name = "MPN"; Value = "S1206-S-1.0A"; VariantName = "[No Variations]"
Add component (AddParameter): Name = "Package"; Value = "1206"; VariantName = "[No Variations]"
Add component (AddParameter): Name = "Voltage Rating"; Value = ""; VariantName = "[No Variations]"
Added Pin To Net: NetName=NetD9_2 Pin=PS1-+V
Added Pin To Net: NetName=GND Pin=PS1--V
Added Pin To Net: NetName=NetF6_1 Pin=F6-1
Added Pin To Net: NetName=NetF6_1 Pin=J1-1
Added Pin To Net: NetName=NetF6_1 Pin=J1-1
Added Net: Name=NetF6_1
Added Pin To Net: NetName=NetF6_2 Pin=F6-2
Added Pin To Net: NetName=NetF6_2 Pin=PS1-AC/L
Added Net: Name=NetF6_2
Added Pin To Net: NetName=NetJ1_2 Pin=J1-2
Added Pin To Net: NetName=NetJ1_2 Pin=J1-2
Added Pin To Net: NetName=NetJ1_2 Pin=PS1-AC/N
Added Net: Name=NetJ1_2
Added Member To Class: ClassName=U_Power Management Member=Component F5
Added Member To Class: ClassName=U_Power Management Member=Component F6
